#
# A fatal error has been detected by the Java Runtime Environment:
#
#  EXCEPTION_ACCESS_VIOLATION (0xc0000005) at pc=0x00000000047bc3c7, pid=3936, tid=0x0000000000001164
#
# JRE version: OpenJDK Runtime Environment (8.0_152-b06) (build 1.8.0_152-release-1136-b06)
# Java VM: OpenJDK 64-Bit Server VM (25.152-b06 mixed mode windows-amd64 compressed oops)
# Problematic frame:
# J 7279 C2 java.lang.CharacterDataLatin1.digit(II)I (91 bytes) @ 0x00000000047bc3c7 [0x00000000047bc3a0+0x27]
#
# Failed to write core dump. Minidumps are not enabled by default on client versions of Windows
#
# If you would like to submit a bug report, please visit:
#   http://bugreport.java.com/bugreport/crash.jsp
#

---------------  T H R E A D  ---------------

Current thread (0x000000001e461800):  JavaThread "Task worker for ':' Thread 3" [_thread_in_Java, id=4452, stack(0x0000000025d90000,0x0000000025e90000)]

siginfo: ExceptionCode=0xc0000005, reading address 0xffffffffffffffff

Registers:
RAX=0x0000000100037300, RBX=0x0000000000033ef8, RCX=0x00000000e3a43648, RDX=0x00000000a0000260
RSP=0x0000000025e8b8d8, RBP=0x0000000025e8ba50, RSI=0x0000000000000034, RDI=0x0000000020fea958
R8 =0x0000000000000034, R9 =0x0000000000000010, R10=0x0000000100037300, R11=0x0000000000000000
R12=0x0000000000000000, R13=0x0000000025e8b9f8, R14=0x00000000012ddbe8, R15=0x000000001e461800
RIP=0x00000000047bc3c7, EFLAGS=0x0000000000010246

Top of Stack: (sp=0x0000000025e8b8d8)
0x0000000025e8b8d8:   0000000003d2f024 0000000025e8bff0
0x0000000025e8b8e8:   0000000004256524 000000006a43a868
0x0000000025e8b8f8:   0000000025e8b940 00000000e3a437a0
0x0000000025e8b908:   00000000e3340a28 0000000000000001
0x0000000025e8b918:   00000000e3d293f0 00000000e383ceb0
0x0000000025e8b928:   00000000e383ceb0 000000000000003d
0x0000000025e8b938:   00000000e383ce98 0000000025e8bac8
0x0000000025e8b948:   0000000003d2f024 0000000025e8ba68
0x0000000025e8b958:   000000000380a13c 00000000012be990
0x0000000025e8b968:   00000000012e16f0 0000000001188ab8
0x0000000025e8b978:   0000000000000000 0000000025e8bab8
0x0000000025e8b988:   0000001000000034 00000000e3a43648
0x0000000025e8b998:   000000000001f554 00000000e33e50f0
0x0000000025e8b9a8:   00000000e33e50f0 00000000000017ef
0x0000000025e8b9b8:   00000000e33e50d8 00000000e3340a28
0x0000000025e8b9c8:   00000000e3d293f0 00000000011c04b0 

Instructions: (pc=0x00000000047bc3c7)
0x00000000047bc3a7:   03 49 3b c2 0f 85 ef 98 b2 fe 66 66 90 66 0f 1f
0x00000000047bc3b7:   44 00 00 66 0f 1f 44 00 00 89 84 24 00 a0 ff ff
0x00000000047bc3c7:   55 48 83 ec 20 4c 8b d2 41 83 f9 02 0f 8c 8c 00
0x00000000047bc3d7:   00 00 41 83 f9 24 0f 8f 9a 00 00 00 41 8b e8 0f 


Register to memory mapping:

RAX=0x0000000100037300 is pointing into metadata
RBX=0x0000000000033ef8 is an unknown value
RCX=0x00000000e3a43648 is an oop
com.sun.tools.javac.parser.UnicodeReader 
 - klass: 'com/sun/tools/javac/parser/UnicodeReader'
RDX=0x00000000a0000260 is an oop
java.lang.CharacterDataLatin1 
 - klass: 'java/lang/CharacterDataLatin1'
RSP=0x0000000025e8b8d8 is pointing into the stack for thread: 0x000000001e461800
RBP=0x0000000025e8ba50 is pointing into the stack for thread: 0x000000001e461800
RSI=0x0000000000000034 is an unknown value
RDI=0x0000000020fea958 is pointing into metadata
R8 =0x0000000000000034 is an unknown value
R9 =0x0000000000000010 is an unknown value
R10=0x0000000100037300 is pointing into metadata
R11=0x0000000000000000 is an unknown value
R12=0x0000000000000000 is an unknown value
R13=0x0000000025e8b9f8 is pointing into the stack for thread: 0x000000001e461800
R14=0x00000000012ddbe8 is pointing into metadata
R15=0x000000001e461800 is a thread


Stack: [0x0000000025d90000,0x0000000025e90000],  sp=0x0000000025e8b8d8,  free space=1006k
Native frames: (J=compiled Java code, j=interpreted, Vv=VM code, C=native code)
C  0x00000000047bc3c7


---------------  P R O C E S S  ---------------

Java Threads: ( => current thread )
  0x000000001a060000 JavaThread "Cache worker for Java compile cache (G:\AndroidWork\MobileShop\.gradle\4.6\javaCompile)" [_thread_blocked, id=10300, stack(0x0000000027790000,0x0000000027890000)]
  0x000000001a067000 JavaThread "stdout" daemon [_thread_in_native, id=8176, stack(0x0000000027490000,0x0000000027590000)]
  0x000000001a065800 JavaThread "stderr" daemon [_thread_in_native, id=8972, stack(0x0000000027390000,0x0000000027490000)]
  0x000000001a068800 JavaThread "stdout" daemon [_thread_in_native, id=8976, stack(0x0000000027290000,0x0000000027390000)]
  0x000000001a069800 JavaThread "stderr" daemon [_thread_in_native, id=12384, stack(0x0000000027190000,0x0000000027290000)]
  0x000000001a05e000 JavaThread "stdout" daemon [_thread_in_native, id=11992, stack(0x0000000027090000,0x0000000027190000)]
  0x000000001a065000 JavaThread "stderr" daemon [_thread_in_native, id=6240, stack(0x0000000026f90000,0x0000000027090000)]
  0x000000001a05d000 JavaThread "stdout" daemon [_thread_in_native, id=88, stack(0x0000000026e90000,0x0000000026f90000)]
  0x000000001a063800 JavaThread "stderr" daemon [_thread_in_native, id=11820, stack(0x0000000026d90000,0x0000000026e90000)]
  0x000000001a05f800 JavaThread "pool-3-thread-1" [_thread_blocked, id=10288, stack(0x0000000026c90000,0x0000000026d90000)]
  0x000000001a062800 JavaThread "ForkJoinPool.commonPool-worker-6" daemon [_thread_blocked, id=12572, stack(0x0000000026b90000,0x0000000026c90000)]
  0x000000001a061800 JavaThread "ForkJoinPool.commonPool-worker-5" daemon [_thread_blocked, id=10576, stack(0x0000000026a90000,0x0000000026b90000)]
  0x000000001e469000 JavaThread "Task worker for ':' Thread 7" [_thread_blocked, id=13136, stack(0x0000000026190000,0x0000000026290000)]
  0x000000001e468800 JavaThread "Task worker for ':' Thread 6" [_thread_blocked, id=7192, stack(0x0000000026090000,0x0000000026190000)]
  0x000000001e466000 JavaThread "Task worker for ':' Thread 5" [_thread_blocked, id=9304, stack(0x0000000025f90000,0x0000000026090000)]
  0x000000001e467800 JavaThread "Task worker for ':' Thread 4" [_thread_blocked, id=9180, stack(0x0000000025e90000,0x0000000025f90000)]
=>0x000000001e461800 JavaThread "Task worker for ':' Thread 3" [_thread_in_Java, id=4452, stack(0x0000000025d90000,0x0000000025e90000)]
  0x000000001e465800 JavaThread "Task worker for ':' Thread 2" [_thread_blocked, id=9144, stack(0x0000000025c90000,0x0000000025d90000)]
  0x000000001e463000 JavaThread "Task worker for ':'" [_thread_blocked, id=592, stack(0x0000000025b90000,0x0000000025c90000)]
  0x000000001e467000 JavaThread "Cache worker for Build Output Cleanup Cache (G:\AndroidWork\MobileShop\.gradle\buildOutputCleanup)" [_thread_blocked, id=4260, stack(0x0000000025a90000,0x0000000025b90000)]
  0x000000001e464800 JavaThread "Cache worker for task history cache (G:\AndroidWork\MobileShop\.gradle\4.6\taskHistory)" [_thread_blocked, id=9924, stack(0x0000000025990000,0x0000000025a90000)]
  0x000000001e45a000 JavaThread "Cache worker for file content cache (G:\AndroidWork\MobileShop\.gradle\4.6\fileContent)" [_thread_blocked, id=1360, stack(0x0000000024670000,0x0000000024770000)]
  0x000000001e45b800 JavaThread "Memory manager" [_thread_blocked, id=9312, stack(0x0000000023770000,0x0000000023870000)]
  0x000000001e45d000 JavaThread "Build operations Thread 8" [_thread_blocked, id=13176, stack(0x00000000220a0000,0x00000000221a0000)]
  0x000000001e461000 JavaThread "Build operations Thread 7" [_thread_blocked, id=4164, stack(0x0000000021fa0000,0x00000000220a0000)]
  0x000000001e45f800 JavaThread "Build operations Thread 6" [_thread_blocked, id=4556, stack(0x0000000021ea0000,0x0000000021fa0000)]
  0x000000001e45b000 JavaThread "Build operations Thread 5" [_thread_blocked, id=6748, stack(0x0000000021da0000,0x0000000021ea0000)]
  0x000000001e45c800 JavaThread "Build operations Thread 4" [_thread_blocked, id=10368, stack(0x0000000021ca0000,0x0000000021da0000)]
  0x000000001af37800 JavaThread "Build operations Thread 3" [_thread_blocked, id=8312, stack(0x0000000021ba0000,0x0000000021ca0000)]
  0x000000001af3d000 JavaThread "Build operations Thread 2" [_thread_blocked, id=5812, stack(0x0000000021aa0000,0x0000000021ba0000)]
  0x000000001af3c000 JavaThread "Build operations" [_thread_blocked, id=13212, stack(0x0000000021500000,0x0000000021600000)]
  0x000000001af3d800 JavaThread "Cache worker for Artifact transforms cache (C:\Users\ColaemmZuo\.gradle\caches\transforms-1)" [_thread_blocked, id=13956, stack(0x0000000021400000,0x0000000021500000)]
  0x000000001af37000 JavaThread "Cache worker for file hash cache (G:\AndroidWork\MobileShop\.gradle\4.6\fileHashes)" [_thread_blocked, id=11764, stack(0x000000001eb60000,0x000000001ec60000)]
  0x000000001af3a800 JavaThread "File lock request listener" [_thread_in_native, id=11388, stack(0x000000001da90000,0x000000001db90000)]
  0x000000001af39000 JavaThread "Cache worker for file hash cache (C:\Users\ColaemmZuo\.gradle\caches\4.6\fileHashes)" [_thread_blocked, id=2324, stack(0x000000001d990000,0x000000001da90000)]
  0x000000001af50000 JavaThread "Asynchronous log dispatcher for DefaultDaemonConnection: socket connection from /127.0.0.1:61587 to /127.0.0.1:61588" [_thread_blocked, id=8796, stack(0x000000001d490000,0x000000001d590000)]
  0x000000001af16000 JavaThread "Daemon worker" [_thread_blocked, id=8232, stack(0x000000001d390000,0x000000001d490000)]
  0x000000001af4d000 JavaThread "Cancel handler" [_thread_blocked, id=4168, stack(0x000000001d290000,0x000000001d390000)]
  0x000000001af0f000 JavaThread "Handler for socket connection from /127.0.0.1:61587 to /127.0.0.1:61588" [_thread_in_native, id=9004, stack(0x000000001cf90000,0x000000001d090000)]
  0x000000001af0c800 JavaThread "Daemon" [_thread_blocked, id=13320, stack(0x000000001ce90000,0x000000001cf90000)]
  0x000000001ae83000 JavaThread "Daemon periodic checks" [_thread_blocked, id=3704, stack(0x000000001cd90000,0x000000001ce90000)]
  0x000000001ae4e000 JavaThread "Incoming local TCP Connector on port 61587" [_thread_in_native, id=12912, stack(0x000000001cbe0000,0x000000001cce0000)]
  0x0000000019048800 JavaThread "Service Thread" daemon [_thread_blocked, id=3200, stack(0x0000000019a20000,0x0000000019b20000)]
  0x0000000018fc6000 JavaThread "C1 CompilerThread3" daemon [_thread_blocked, id=8764, stack(0x0000000019920000,0x0000000019a20000)]
  0x0000000018fc0000 JavaThread "C2 CompilerThread2" daemon [_thread_in_native, id=13660, stack(0x0000000019820000,0x0000000019920000)]
  0x000000001706d000 JavaThread "C2 CompilerThread1" daemon [_thread_blocked, id=11944, stack(0x0000000019720000,0x0000000019820000)]
  0x0000000017069800 JavaThread "C2 CompilerThread0" daemon [_thread_blocked, id=2588, stack(0x0000000019620000,0x0000000019720000)]
  0x0000000018fb0800 JavaThread "Attach Listener" daemon [_thread_blocked, id=4688, stack(0x0000000019520000,0x0000000019620000)]
  0x0000000018f5c000 JavaThread "Signal Dispatcher" daemon [_thread_blocked, id=8980, stack(0x0000000019420000,0x0000000019520000)]
  0x000000000329e000 JavaThread "Finalizer" daemon [_thread_blocked, id=3544, stack(0x0000000019320000,0x0000000019420000)]
  0x000000001705b800 JavaThread "Reference Handler" daemon [_thread_blocked, id=9760, stack(0x0000000018e20000,0x0000000018f20000)]
  0x000000000309e800 JavaThread "main" [_thread_blocked, id=4136, stack(0x00000000030a0000,0x00000000031a0000)]

Other Threads:
  0x0000000017055800 VMThread [stack: 0x0000000018d20000,0x0000000018e20000] [id=11300]
  0x0000000019049800 WatcherThread [stack: 0x0000000019b20000,0x0000000019c20000] [id=3684]

VM state:not at safepoint (normal execution)

VM Mutex/Monitor currently owned by a thread: None

Heap:
 PSYoungGen      total 187904K, used 62893K [0x00000000e0000000, 0x00000000efb00000, 0x0000000100000000)
  eden space 165888K, 37% used [0x00000000e0000000,0x00000000e3d6b7a8,0x00000000ea200000)
  from space 22016K, 0% used [0x00000000ea200000,0x00000000ea200000,0x00000000eb780000)
  to   space 22528K, 0% used [0x00000000ee500000,0x00000000ee500000,0x00000000efb00000)
 ParOldGen       total 130048K, used 40611K [0x00000000a0000000, 0x00000000a7f00000, 0x00000000e0000000)
  object space 130048K, 31% used [0x00000000a0000000,0x00000000a27a8f78,0x00000000a7f00000)
 Metaspace       used 62128K, capacity 63848K, committed 64088K, reserved 1103872K
  class space    used 8356K, capacity 8765K, committed 8832K, reserved 1048576K

Card table byte_map: [0x0000000012660000,0x0000000012970000] byte_map_base: 0x0000000012160000

Marking Bits: (ParMarkBitMap*) 0x000000006a625aa0
 Begin Bits: [0x0000000013370000, 0x0000000014b70000)
 End Bits:   [0x0000000014b70000, 0x0000000016370000)

Polling page: 0x0000000001460000

CodeCache: size=245760Kb used=22666Kb max_used=23481Kb free=223093Kb
 bounds [0x00000000032a0000, 0x00000000049f0000, 0x00000000122a0000]
 total_blobs=7766 nmethods=6961 adapters=718
 compilation: enabled

Compilation events (10 events):
Event: 75.071 Thread 0x0000000018fc6000 nmethod 8099 0x000000000472f290 code [0x000000000472f400, 0x000000000472f5e8]
Event: 75.071 Thread 0x0000000018fc6000 8100       3       com.sun.tools.javac.parser.JavacParser::bracketsOpt (116 bytes)
Event: 75.072 Thread 0x0000000018fc6000 nmethod 8100 0x000000000361d290 code [0x000000000361d4e0, 0x000000000361e168]
Event: 75.072 Thread 0x0000000018fc6000 8105       1       com.sun.tools.javac.parser.JavacParser$EmptyEndPosTable::storeEnd (1 bytes)
Event: 75.072 Thread 0x0000000018fc6000 nmethod 8105 0x00000000045a1cd0 code [0x00000000045a1e20, 0x00000000045a1f30]
Event: 75.072 Thread 0x0000000018fc6000 8088       3       com.sun.tools.javac.util.List$3::next (39 bytes)
Event: 75.072 Thread 0x0000000018fc6000 nmethod 8088 0x00000000042686d0 code [0x0000000004268840, 0x0000000004268aa8]
Event: 75.072 Thread 0x0000000018fc6000 8092       3       com.sun.tools.javac.util.List$3::<init> (18 bytes)
Event: 75.073 Thread 0x0000000018fc6000 nmethod 8092 0x00000000042762d0 code [0x0000000004276420, 0x00000000042765f0]
Event: 75.073 Thread 0x0000000018fc6000 8106       3       com.sun.tools.javac.parser.JavacParser::optag (492 bytes)

GC Heap History (10 events):
Event: 8.269 GC heap before
{Heap before GC invocations=12 (full 2):
 PSYoungGen      total 104960K, used 93696K [0x00000000e0000000, 0x00000000e9e80000, 0x0000000100000000)
  eden space 93696K, 100% used [0x00000000e0000000,0x00000000e5b80000,0x00000000e5b80000)
  from space 11264K, 0% used [0x00000000e5b80000,0x00000000e5b80000,0x00000000e6680000)
  to   space 11264K, 0% used [0x00000000e9380000,0x00000000e9380000,0x00000000e9e80000)
 ParOldGen       total 77824K, used 14588K [0x00000000a0000000, 0x00000000a4c00000, 0x00000000e0000000)
  object space 77824K, 18% used [0x00000000a0000000,0x00000000a0e3f260,0x00000000a4c00000)
 Metaspace       used 40733K, capacity 41512K, committed 41816K, reserved 1085440K
  class space    used 5499K, capacity 5740K, committed 5760K, reserved 1048576K
Event: 8.278 GC heap after
Heap after GC invocations=12 (full 2):
 PSYoungGen      total 138752K, used 11232K [0x00000000e0000000, 0x00000000e9e80000, 0x0000000100000000)
  eden space 127488K, 0% used [0x00000000e0000000,0x00000000e0000000,0x00000000e7c80000)
  from space 11264K, 99% used [0x00000000e9380000,0x00000000e9e783f0,0x00000000e9e80000)
  to   space 12288K, 0% used [0x00000000e8680000,0x00000000e8680000,0x00000000e9280000)
 ParOldGen       total 77824K, used 14675K [0x00000000a0000000, 0x00000000a4c00000, 0x00000000e0000000)
  object space 77824K, 18% used [0x00000000a0000000,0x00000000a0e54c58,0x00000000a4c00000)
 Metaspace       used 40733K, capacity 41512K, committed 41816K, reserved 1085440K
  class space    used 5499K, capacity 5740K, committed 5760K, reserved 1048576K
}
Event: 9.946 GC heap before
{Heap before GC invocations=13 (full 2):
 PSYoungGen      total 138752K, used 138720K [0x00000000e0000000, 0x00000000e9e80000, 0x0000000100000000)
  eden space 127488K, 100% used [0x00000000e0000000,0x00000000e7c80000,0x00000000e7c80000)
  from space 11264K, 99% used [0x00000000e9380000,0x00000000e9e783f0,0x00000000e9e80000)
  to   space 12288K, 0% used [0x00000000e8680000,0x00000000e8680000,0x00000000e9280000)
 ParOldGen       total 77824K, used 14675K [0x00000000a0000000, 0x00000000a4c00000, 0x00000000e0000000)
  object space 77824K, 18% used [0x00000000a0000000,0x00000000a0e54c58,0x00000000a4c00000)
 Metaspace       used 51706K, capacity 53116K, committed 53208K, reserved 1095680K
  class space    used 7002K, capacity 7375K, committed 7424K, reserved 1048576K
Event: 9.971 GC heap after
Heap after GC invocations=13 (full 2):
 PSYoungGen      total 150016K, used 12262K [0x00000000e0000000, 0x00000000ec780000, 0x0000000100000000)
  eden space 137728K, 0% used [0x00000000e0000000,0x00000000e0000000,0x00000000e8680000)
  from space 12288K, 99% used [0x00000000e8680000,0x00000000e9279b68,0x00000000e9280000)
  to   space 16384K, 0% used [0x00000000eb780000,0x00000000eb780000,0x00000000ec780000)
 ParOldGen       total 77824K, used 21912K [0x00000000a0000000, 0x00000000a4c00000, 0x00000000e0000000)
  object space 77824K, 28% used [0x00000000a0000000,0x00000000a15661a0,0x00000000a4c00000)
 Metaspace       used 51706K, capacity 53116K, committed 53208K, reserved 1095680K
  class space    used 7002K, capacity 7375K, committed 7424K, reserved 1048576K
}
Event: 36.382 GC heap before
{Heap before GC invocations=14 (full 2):
 PSYoungGen      total 150016K, used 149990K [0x00000000e0000000, 0x00000000ec780000, 0x0000000100000000)
  eden space 137728K, 100% used [0x00000000e0000000,0x00000000e8680000,0x00000000e8680000)
  from space 12288K, 99% used [0x00000000e8680000,0x00000000e9279b68,0x00000000e9280000)
  to   space 16384K, 0% used [0x00000000eb780000,0x00000000eb780000,0x00000000ec780000)
 ParOldGen       total 77824K, used 21912K [0x00000000a0000000, 0x00000000a4c00000, 0x00000000e0000000)
  object space 77824K, 28% used [0x00000000a0000000,0x00000000a15661a0,0x00000000a4c00000)
 Metaspace       used 57146K, capacity 58812K, committed 59028K, reserved 1099776K
  class space    used 7727K, capacity 8137K, committed 8192K, reserved 1048576K
Event: 36.406 GC heap after
Heap after GC invocations=14 (full 2):
 PSYoungGen      total 182272K, used 16368K [0x00000000e0000000, 0x00000000eda80000, 0x0000000100000000)
  eden space 165888K, 0% used [0x00000000e0000000,0x00000000e0000000,0x00000000ea200000)
  from space 16384K, 99% used [0x00000000eb780000,0x00000000ec77c0a0,0x00000000ec780000)
  to   space 22016K, 0% used [0x00000000ea200000,0x00000000ea200000,0x00000000eb780000)
 ParOldGen       total 77824K, used 31272K [0x00000000a0000000, 0x00000000a4c00000, 0x00000000e0000000)
  object space 77824K, 40% used [0x00000000a0000000,0x00000000a1e8a088,0x00000000a4c00000)
 Metaspace       used 57146K, capacity 58812K, committed 59028K, reserved 1099776K
  class space    used 7727K, capacity 8137K, committed 8192K, reserved 1048576K
}
Event: 38.951 GC heap before
{Heap before GC invocations=15 (full 2):
 PSYoungGen      total 182272K, used 28949K [0x00000000e0000000, 0x00000000eda80000, 0x0000000100000000)
  eden space 165888K, 7% used [0x00000000e0000000,0x00000000e0c496f8,0x00000000ea200000)
  from space 16384K, 99% used [0x00000000eb780000,0x00000000ec77c0a0,0x00000000ec780000)
  to   space 22016K, 0% used [0x00000000ea200000,0x00000000ea200000,0x00000000eb780000)
 ParOldGen       total 77824K, used 31272K [0x00000000a0000000, 0x00000000a4c00000, 0x00000000e0000000)
  object space 77824K, 40% used [0x00000000a0000000,0x00000000a1e8a088,0x00000000a4c00000)
 Metaspace       used 57303K, capacity 58946K, committed 59028K, reserved 1099776K
  class space    used 7749K, capacity 8138K, committed 8192K, reserved 1048576K
Event: 38.966 GC heap after
Heap after GC invocations=15 (full 2):
 PSYoungGen      total 187904K, used 960K [0x00000000e0000000, 0x00000000efb00000, 0x0000000100000000)
  eden space 165888K, 0% used [0x00000000e0000000,0x00000000e0000000,0x00000000ea200000)
  from space 22016K, 4% used [0x00000000ea200000,0x00000000ea2f00b0,0x00000000eb780000)
  to   space 22528K, 0% used [0x00000000ee500000,0x00000000ee500000,0x00000000efb00000)
 ParOldGen       total 77824K, used 45501K [0x00000000a0000000, 0x00000000a4c00000, 0x00000000e0000000)
  object space 77824K, 58% used [0x00000000a0000000,0x00000000a2c6f658,0x00000000a4c00000)
 Metaspace       used 57303K, capacity 58946K, committed 59028K, reserved 1099776K
  class space    used 7749K, capacity 8138K, committed 8192K, reserved 1048576K
}
Event: 38.966 GC heap before
{Heap before GC invocations=16 (full 3):
 PSYoungGen      total 187904K, used 960K [0x00000000e0000000, 0x00000000efb00000, 0x0000000100000000)
  eden space 165888K, 0% used [0x00000000e0000000,0x00000000e0000000,0x00000000ea200000)
  from space 22016K, 4% used [0x00000000ea200000,0x00000000ea2f00b0,0x00000000eb780000)
  to   space 22528K, 0% used [0x00000000ee500000,0x00000000ee500000,0x00000000efb00000)
 ParOldGen       total 77824K, used 45501K [0x00000000a0000000, 0x00000000a4c00000, 0x00000000e0000000)
  object space 77824K, 58% used [0x00000000a0000000,0x00000000a2c6f658,0x00000000a4c00000)
 Metaspace       used 57303K, capacity 58946K, committed 59028K, reserved 1099776K
  class space    used 7749K, capacity 8138K, committed 8192K, reserved 1048576K
Event: 39.234 GC heap after
Heap after GC invocations=16 (full 3):
 PSYoungGen      total 187904K, used 0K [0x00000000e0000000, 0x00000000efb00000, 0x0000000100000000)
  eden space 165888K, 0% used [0x00000000e0000000,0x00000000e0000000,0x00000000ea200000)
  from space 22016K, 0% used [0x00000000ea200000,0x00000000ea200000,0x00000000eb780000)
  to   space 22528K, 0% used [0x00000000ee500000,0x00000000ee500000,0x00000000efb00000)
 ParOldGen       total 130048K, used 40611K [0x00000000a0000000, 0x00000000a7f00000, 0x00000000e0000000)
  object space 130048K, 31% used [0x00000000a0000000,0x00000000a27a8f78,0x00000000a7f00000)
 Metaspace       used 57303K, capacity 58946K, committed 59028K, reserved 1099776K
  class space    used 7749K, capacity 8138K, committed 8192K, reserved 1048576K
}

Deoptimization events (10 events):
Event: 63.862 Thread 0x000000001e461800 Uncommon trap: reason=unstable_if action=reinterpret pc=0x0000000003f015d8 method=java.util.HashMap$HashIterator.<init>(Ljava/util/HashMap;)V @ 45
Event: 63.944 Thread 0x000000001e461800 Uncommon trap: reason=bimorphic action=maybe_recompile pc=0x00000000037cb144 method=java.util.HashMap.removeNode(ILjava/lang/Object;Ljava/lang/Object;ZZ)Ljava/util/HashMap$Node; @ 283
Event: 63.944 Thread 0x000000001e461800 Uncommon trap: reason=bimorphic action=maybe_recompile pc=0x00000000038d6f54 method=java.util.HashMap.removeNode(ILjava/lang/Object;Ljava/lang/Object;ZZ)Ljava/util/HashMap$Node; @ 283
Event: 63.993 Thread 0x000000001e461800 Uncommon trap: reason=unstable_if action=reinterpret pc=0x0000000003a1a954 method=org.gradle.api.internal.file.pattern.PatternMatcherFactory$PathMatcherBackedSpec.isSatisfiedBy(Lorg/gradle/api/file/RelativePath;)Z @ 11
Event: 63.993 Thread 0x000000001e461800 Uncommon trap: reason=unstable_if action=reinterpret pc=0x000000000356ca50 method=org.gradle.api.internal.file.pattern.FixedPatternStep.matches(Ljava/lang/String;)Z @ 4
Event: 63.996 Thread 0x000000001e461800 Uncommon trap: reason=unstable_if action=reinterpret pc=0x000000000495c240 method=java.lang.String.regionMatches(ZILjava/lang/String;II)Z @ 102
Event: 72.593 Thread 0x000000001e461800 Uncommon trap: reason=unstable_if action=reinterpret pc=0x000000000405b2e0 method=java.util.zip.ZipEntry.setExtra0([BZ)V @ 32
Event: 72.645 Thread 0x000000001e461800 Uncommon trap: reason=unstable_if action=reinterpret pc=0x0000000003eaead8 method=java.lang.StringCoding$StringDecoder.decode([BII)[C @ 20
Event: 75.046 Thread 0x000000001e461800 Uncommon trap: reason=unstable_if action=reinterpret pc=0x000000000469c688 method=com.sun.tools.javac.parser.UnicodeReader.scanChar()V @ 37
Event: 75.049 Thread 0x000000001e461800 Uncommon trap: reason=unstable_if action=reinterpret pc=0x00000000046d3294 method=com.sun.tools.javac.parser.UnicodeReader.scanChar()V @ 37

Classes redefined (0 events):
No events

Internal exceptions (10 events):
Event: 11.327 Thread 0x000000001e461800 Exception <a 'java/lang/NoSuchMethodError': <clinit>> (0x00000000e4ba3800) thrown at [D:\src\AOSP-openjdk-cygwin\jdk8u\hotspot\src\share\vm\prims\jni.cpp, line 1613]
Event: 11.463 Thread 0x000000001e461800 Exception <a 'java/lang/NoSuchMethodError': <clinit>> (0x00000000e4d80380) thrown at [D:\src\AOSP-openjdk-cygwin\jdk8u\hotspot\src\share\vm\prims\jni.cpp, line 1613]
Event: 11.465 Thread 0x000000001e461800 Exception <a 'java/lang/NoSuchMethodError': <clinit>> (0x00000000e4d89f00) thrown at [D:\src\AOSP-openjdk-cygwin\jdk8u\hotspot\src\share\vm\prims\jni.cpp, line 1613]
Event: 11.468 Thread 0x000000001e461800 Exception <a 'java/lang/NoSuchMethodError': <clinit>> (0x00000000e4da01e0) thrown at [D:\src\AOSP-openjdk-cygwin\jdk8u\hotspot\src\share\vm\prims\jni.cpp, line 1613]
Event: 11.471 Thread 0x000000001e461800 Exception <a 'java/lang/NoSuchMethodError': <clinit>> (0x00000000e4dab078) thrown at [D:\src\AOSP-openjdk-cygwin\jdk8u\hotspot\src\share\vm\prims\jni.cpp, line 1613]
Event: 12.280 Thread 0x000000001e461800 Implicit null exception at 0x000000000426fc5e to 0x000000000426fde1
Event: 42.776 Thread 0x000000001e461800 Exception <a 'java/lang/NoSuchMethodError': java.lang.Object.lambda$negate$1(Ljava/lang/Object;)Z> (0x00000000e1192d18) thrown at [D:\src\AOSP-openjdk-cygwin\jdk8u\hotspot\src\share\vm\interpreter\linkResolver.cpp, line 584]
Event: 53.487 Thread 0x000000001e461800 Exception <a 'java/lang/NoSuchMethodError': java.lang.Object.lambda$comparingInt$7b0bb60$1(Ljava/util/function/ToIntFunction;Ljava/lang/Object;Ljava/lang/Object;)I> (0x00000000e12be798) thrown at [D:\src\AOSP-openjdk-cygwin\jdk8u\hotspot\src\share\vm\inte
Event: 53.702 Thread 0x000000001e461800 Implicit null exception at 0x000000000491d959 to 0x000000000491dd45
Event: 53.703 Thread 0x000000001e461800 Implicit null exception at 0x000000000491a89d to 0x000000000491ac69

Events (10 events):
Event: 74.986 loading class com/sun/tools/javac/util/Position$LineTabMapImpl
Event: 74.986 loading class com/sun/tools/javac/util/Position$LineTabMapImpl done
Event: 75.043 loading class com/sun/tools/javac/parser/JavaTokenizer$BasicComment
Event: 75.044 loading class com/sun/tools/javac/parser/JavaTokenizer$BasicComment done
Event: 75.046 Thread 0x000000001e461800 Uncommon trap: trap_request=0xffffff65 fr.pc=0x000000000469c688
Event: 75.047 Thread 0x000000001e461800 DEOPT PACKING pc=0x000000000469c688 sp=0x0000000025e8bb60
Event: 75.047 Thread 0x000000001e461800 DEOPT UNPACKING pc=0x00000000032e557b sp=0x0000000025e8bb08 mode 2
Event: 75.049 Thread 0x000000001e461800 Uncommon trap: trap_request=0xffffff65 fr.pc=0x00000000046d3294
Event: 75.049 Thread 0x000000001e461800 DEOPT PACKING pc=0x00000000046d3294 sp=0x0000000025e8bbc0
Event: 75.050 Thread 0x000000001e461800 DEOPT UNPACKING pc=0x00000000032e557b sp=0x0000000025e8bb10 mode 2


Dynamic libraries:
0x00007ff6a7390000 - 0x00007ff6a73c1000 	C:\Program Files\Android\Android Studio\jre\bin\java.exe
0x00007ffdd4f90000 - 0x00007ffdd517d000 	C:\WINDOWS\SYSTEM32\ntdll.dll
0x00007ffdd4230000 - 0x00007ffdd42e3000 	C:\WINDOWS\System32\KERNEL32.DLL
0x00007ffdd14d0000 - 0x00007ffdd1763000 	C:\WINDOWS\System32\KERNELBASE.dll
0x00007ffdd45d0000 - 0x00007ffdd4673000 	C:\WINDOWS\System32\ADVAPI32.dll
0x00007ffdd3ab0000 - 0x00007ffdd3b4e000 	C:\WINDOWS\System32\msvcrt.dll
0x00007ffdd3940000 - 0x00007ffdd39de000 	C:\WINDOWS\System32\sechost.dll
0x00007ffdd4e20000 - 0x00007ffdd4f42000 	C:\WINDOWS\System32\RPCRT4.dll
0x00007ffdd3730000 - 0x00007ffdd38c7000 	C:\WINDOWS\System32\USER32.dll
0x00007ffdd1770000 - 0x00007ffdd1790000 	C:\WINDOWS\System32\win32u.dll
0x00007ffdd3d80000 - 0x00007ffdd3da9000 	C:\WINDOWS\System32\GDI32.dll
0x00007ffdd1280000 - 0x00007ffdd1419000 	C:\WINDOWS\System32\gdi32full.dll
0x00007ffdd2190000 - 0x00007ffdd2230000 	C:\WINDOWS\System32\msvcp_win.dll
0x00007ffdd1130000 - 0x00007ffdd122a000 	C:\WINDOWS\System32\ucrtbase.dll
0x00007ffdc60a0000 - 0x00007ffdc6319000 	C:\WINDOWS\WinSxS\amd64_microsoft.windows.common-controls_6595b64144ccf1df_6.0.17763.802_none_05b1445c0722d2cc\COMCTL32.dll
0x00007ffdd4990000 - 0x00007ffdd4cbc000 	C:\WINDOWS\System32\combase.dll
0x00007ffdd2110000 - 0x00007ffdd218e000 	C:\WINDOWS\System32\bcryptPrimitives.dll
0x00007ffdd4530000 - 0x00007ffdd455e000 	C:\WINDOWS\System32\IMM32.DLL
0x0000000067560000 - 0x0000000067632000 	C:\Program Files\Android\Android Studio\jre\jre\bin\msvcr100.dll
0x0000000069e60000 - 0x000000006a6a1000 	C:\Program Files\Android\Android Studio\jre\jre\bin\server\jvm.dll
0x00007ffdd38d0000 - 0x00007ffdd38d8000 	C:\WINDOWS\System32\PSAPI.DLL
0x00007ffdc85a0000 - 0x00007ffdc85a9000 	C:\WINDOWS\SYSTEM32\WSOCK32.dll
0x00007ffdcbfb0000 - 0x00007ffdcbfba000 	C:\WINDOWS\SYSTEM32\VERSION.dll
0x00007ffdcddc0000 - 0x00007ffdcdde4000 	C:\WINDOWS\SYSTEM32\WINMM.dll
0x00007ffdd42f0000 - 0x00007ffdd435d000 	C:\WINDOWS\System32\WS2_32.dll
0x00007ffdcdd90000 - 0x00007ffdcddbd000 	C:\WINDOWS\SYSTEM32\winmmbase.dll
0x00007ffdd1230000 - 0x00007ffdd127a000 	C:\WINDOWS\System32\cfgmgr32.dll
0x00007ffdc8590000 - 0x00007ffdc859f000 	C:\Program Files\Android\Android Studio\jre\jre\bin\verify.dll
0x00007ffdba080000 - 0x00007ffdba0a9000 	C:\Program Files\Android\Android Studio\jre\jre\bin\java.dll
0x00007ffdc6430000 - 0x00007ffdc6446000 	C:\Program Files\Android\Android Studio\jre\jre\bin\zip.dll
0x00007ffdd2230000 - 0x00007ffdd3724000 	C:\WINDOWS\System32\SHELL32.dll
0x00007ffdd4d70000 - 0x00007ffdd4e18000 	C:\WINDOWS\System32\shcore.dll
0x00007ffdd1990000 - 0x00007ffdd20dd000 	C:\WINDOWS\System32\windows.storage.dll
0x00007ffdd10a0000 - 0x00007ffdd10c4000 	C:\WINDOWS\System32\profapi.dll
0x00007ffdd1040000 - 0x00007ffdd109d000 	C:\WINDOWS\System32\powrprof.dll
0x00007ffdd3b50000 - 0x00007ffdd3ba2000 	C:\WINDOWS\System32\shlwapi.dll
0x00007ffdd1000000 - 0x00007ffdd1011000 	C:\WINDOWS\System32\kernel.appcore.dll
0x00007ffdd1790000 - 0x00007ffdd17a7000 	C:\WINDOWS\System32\cryptsp.dll
0x00007ffdc3480000 - 0x00007ffdc349a000 	C:\Program Files\Android\Android Studio\jre\jre\bin\net.dll
0x000000001b430000 - 0x000000001c877000 	C:\WINDOWS\system32\networkdlllspx64.dll
0x00007ffdd39e0000 - 0x00007ffdd3aa4000 	C:\WINDOWS\System32\oleaut32.dll
0x00007ffdd0070000 - 0x00007ffdd00a1000 	C:\WINDOWS\SYSTEM32\ntmarta.dll
0x00007ffdd0870000 - 0x00007ffdd08d7000 	C:\WINDOWS\system32\mswsock.dll
0x00007ffdc6890000 - 0x00007ffdc689a000 	C:\WINDOWS\system32\wshqos.dll
0x00007ffdc6880000 - 0x00007ffdc6888000 	C:\WINDOWS\SYSTEM32\wshtcpip.DLL
0x00007ffdc6870000 - 0x00007ffdc6878000 	C:\WINDOWS\SYSTEM32\wship6.dll
0x00007ffdc2f10000 - 0x00007ffdc2f21000 	C:\Program Files\Android\Android Studio\jre\jre\bin\nio.dll
0x00007ffdc6500000 - 0x00007ffdc651e000 	C:\Users\ColaemmZuo\.gradle\native\25\windows-amd64\native-platform.dll
0x00007ffdc7c80000 - 0x00007ffdc7c8d000 	C:\Program Files\Android\Android Studio\jre\jre\bin\management.dll
0x00007ffdd03f0000 - 0x00007ffdd0423000 	C:\WINDOWS\system32\rsaenh.dll
0x00007ffdd20e0000 - 0x00007ffdd2106000 	C:\WINDOWS\System32\bcrypt.dll
0x00007ffdd0f00000 - 0x00007ffdd0f28000 	C:\WINDOWS\SYSTEM32\USERENV.dll
0x00007ffdd0a40000 - 0x00007ffdd0a4c000 	C:\WINDOWS\SYSTEM32\CRYPTBASE.dll
0x00007ffdd0590000 - 0x00007ffdd05cd000 	C:\WINDOWS\SYSTEM32\IPHLPAPI.DLL
0x00007ffdd45c0000 - 0x00007ffdd45c8000 	C:\WINDOWS\System32\NSI.dll
0x00007ffdcb310000 - 0x00007ffdcb326000 	C:\WINDOWS\SYSTEM32\dhcpcsvc6.DLL
0x00007ffdcb370000 - 0x00007ffdcb38c000 	C:\WINDOWS\SYSTEM32\dhcpcsvc.DLL
0x00007ffdd05d0000 - 0x00007ffdd0696000 	C:\WINDOWS\SYSTEM32\DNSAPI.dll
0x00007ffdcf360000 - 0x00007ffdcf3ec000 	C:\WINDOWS\system32\apphelp.dll
0x00007ffdc56d0000 - 0x00007ffdc58bd000 	C:\WINDOWS\SYSTEM32\dbghelp.dll

VM Arguments:
jvm_args: -Xmx1536m -Dfile.encoding=GBK -Duser.country=CN -Duser.language=zh -Duser.variant 
java_command: org.gradle.launcher.daemon.bootstrap.GradleDaemon 4.6
java_class_path (initial): C:\Users\ColaemmZuo\.gradle\wrapper\dists\gradle-4.6-all\bcst21l2brirad8k2ben1letg\gradle-4.6\lib\gradle-launcher-4.6.jar
Launcher Type: SUN_STANDARD

Environment Variables:
JAVA_HOME=C:\Program Files\Java\jdk1.8.0_201
CLASSPATH=.;C:\Program Files\Java\jdk1.8.0_201\lib;C:\Program Files\Java\jdk1.8.0_201\lib\dt.jar;C:\Program Files\Java\jdk1.8.0_201\lib\tools.jar
PATH=F:\Program Files\Python36\Scripts\;F:\Program Files\Python36\;C:\Program Files (x86)\Common Files\Oracle\Java\javapath;C:\Windows\system32;C:\Windows;C:\Windows\System32\Wbem;C:\Windows\System32\WindowsPowerShell\v1.0\;C:\Program Files (x86)\NVIDIA Corporation\PhysX\Common;C:\WINDOWS\system32;C:\WINDOWS;C:\WINDOWS\System32\Wbem;C:\WINDOWS\System32\WindowsPowerShell\v1.0\;C:\WINDOWS\System32\OpenSSH\;C:\Program Files\NVIDIA Corporation\NVIDIA NvDLISR;C:\Program Files\MySQL\MySQL Server 5.5\bin;F:\Program Files\Git\cmd;F:\Program Files\nodejs\;C:\Users\ColaemmZuo\AppData\Local\Microsoft\WindowsApps;C:\Users\ColaemmZuo\AppData\Roaming\npm
USERNAME=ColaemmZuo
OS=Windows_NT
PROCESSOR_IDENTIFIER=AMD64 Family 23 Model 1 Stepping 1, AuthenticAMD



---------------  S Y S T E M  ---------------

OS: Windows 10.0 , 64 bit Build 17763 (10.0.17763.475)

CPU:total 8 (initial active 8) (8 cores per cpu, 1 threads per core) family 23 model 1 stepping 1, cmov, cx8, fxsr, mmx, sse, sse2, sse3, ssse3, sse4.1, sse4.2, popcnt, avx, avx2, aes, clmul, mmxext, 3dnowpref, lzcnt, sse4a, tsc, tscinvbit, tscinv, bmi1

Memory: 4k page, physical 8338676k(3141284k free), swap 14105844k(5770048k free)

vm_info: OpenJDK 64-Bit Server VM (25.152-b06) for windows-amd64 JRE (1.8.0_152-release-1136-b06), built by "builder" with MS VC++ 10.0 (VS2010)

time: Sat Oct 19 13:25:03 2019
elapsed time: 75 seconds (0d 0h 1m 15s)

